<?xml version="1.0" encoding="UTF-8"?>
<coverage generated="1613584738935" clover="3.2.0">
  <project timestamp="1613584738935" name="All files">
    <metrics statements="6" coveredstatements="6" conditionals="0" coveredconditionals="0" methods="2" coveredmethods="2" elements="8" coveredelements="8" complexity="0" loc="6" ncloc="6" packages="1" files="1" classes="1"/>
    <file name="app.js" path="C:\Users\artem\Desktop\Netology\Продвинутый JS\unit-test_2\src\js\app.js">
      <metrics statements="6" coveredstatements="6" conditionals="0" coveredconditionals="0" methods="2" coveredmethods="2"/>
      <line num="2" count="4" type="stmt"/>
      <line num="3" count="12" type="stmt"/>
      <line num="4" count="4" type="stmt"/>
      <line num="5" count="4" type="stmt"/>
      <line num="6" count="12" type="stmt"/>
      <line num="8" count="4" type="stmt"/>
    </file>
  </project>
</coverage>
