{"C:\\Users\\artem\\Desktop\\Netology\\Продвинутый JS\\unit-test_2\\src\\js\\app.js": {"path":"C:\\Users\\artem\\Desktop\\Netology\\Продвинутый JS\\unit-test_2\\src\\js\\app.js","statementMap":{"0":{"start":{"line":2,"column":18},"end":{"line":2,"column":37}},"1":{"start":{"line":3,"column":2},"end":{"line":3,"column":76}},"2":{"start":{"line":3,"column":39},"end":{"line":3,"column":74}},"3":{"start":{"line":4,"column":19},"end":{"line":4,"column":21}},"4":{"start":{"line":5,"column":2},"end":{"line":7,"column":3}},"5":{"start":{"line":6,"column":4},"end":{"line":6,"column":45}},"6":{"start":{"line":8,"column":2},"end":{"line":8,"column":20}}},"fnMap":{"0":{"name":"charSort","decl":{"start":{"line":1,"column":24},"end":{"line":1,"column":32}},"loc":{"start":{"line":1,"column":41},"end":{"line":9,"column":1}},"line":1},"1":{"name":"(anonymous_1)","decl":{"start":{"line":3,"column":29},"end":{"line":3,"column":30}},"loc":{"start":{"line":3,"column":39},"end":{"line":3,"column":74}},"line":3}},"branchMap":{},"s":{"0":4,"1":4,"2":12,"3":4,"4":4,"5":12,"6":4},"f":{"0":4,"1":12},"b":{},"_coverageSchema":"1a1c01bbd47fc00a2c39e90264f33305004495a9","hash":"2ae49279ae98bd7f9c4916d97d605a93c8dbbac9"}
}
